#
# There is insufficient memory for the Java Runtime Environment to continue.
# Native memory allocation (malloc) failed to allocate 262160 bytes for Chunk::new
# Possible reasons:
#   The system is out of physical RAM or swap space
#   The process is running with CompressedOops enabled, and the Java Heap may be blocking the growth of the native heap
# Possible solutions:
#   Reduce memory load on the system
#   Increase physical memory or swap space
#   Check if swap backing store is full
#   Decrease Java heap size (-Xmx/-Xms)
#   Decrease number of Java threads
#   Decrease Java thread stack sizes (-Xss)
#   Set larger code cache with -XX:ReservedCodeCacheSize=
#   JVM is running with Unscaled Compressed Oops mode in which the Java heap is
#     placed in the first 4GB address space. The Java Heap base address is the
#     maximum limit for the native heap growth. Please use -XX:HeapBaseMinAddress
#     to set the Java Heap base and to place the Java Heap above 4GB virtual address.
# This output file may be truncated or incomplete.
#
#  Out of Memory Error (./src/hotspot/share/memory/arena.cpp:197), pid=58984, tid=56616
#
# JRE version: OpenJDK Runtime Environment (11.0.10) (build 11.0.10+0-b96-7249189)
# Java VM: OpenJDK 64-Bit Server VM (11.0.10+0-b96-7249189, mixed mode, tiered, compressed oops, g1 gc, windows-amd64)
# No core dump will be written. Minidumps are not enabled by default on client versions of Windows
#

---------------  S U M M A R Y ------------

Command Line: --add-opens=java.base/java.util=ALL-UNNAMED --add-opens=java.base/java.lang=ALL-UNNAMED --add-opens=java.base/java.lang.invoke=ALL-UNNAMED --add-opens=java.base/java.util=ALL-UNNAMED --add-opens=java.prefs/java.util.prefs=ALL-UNNAMED --add-opens=java.prefs/java.util.prefs=ALL-UNNAMED --add-opens=java.base/java.nio.charset=ALL-UNNAMED --add-opens=java.base/java.net=ALL-UNNAMED --add-opens=java.base/java.util.concurrent.atomic=ALL-UNNAMED -Xmx2048m -Dfile.encoding=UTF-8 -Duser.country=IN -Duser.language=en -Duser.variant org.gradle.launcher.daemon.bootstrap.GradleDaemon 7.0.2

Host: Intel(R) Core(TM) i7-1065G7 CPU @ 1.30GHz, 8 cores, 11G,  Windows 10 , 64 bit Build 19041 (10.0.19041.1466)
Time: Fri Feb  4 00:52:40 2022 US Mountain Standard Time elapsed time: 9.545974 seconds (0d 0h 0m 9s)

---------------  T H R E A D  ---------------

Current thread (0x0000020da4377800):  JavaThread "C2 CompilerThread0" daemon [_thread_in_native, id=56616, stack(0x0000008574600000,0x0000008574700000)]


Current CompileTask:
C2:   9546 3829       4       java.lang.invoke.LambdaForm$Name::replaceNames (174 bytes)

Stack: [0x0000008574600000,0x0000008574700000]
Native frames: (J=compiled Java code, j=interpreted, Vv=VM code, C=native code)
V  [jvm.dll+0x5ecfaa]
V  [jvm.dll+0x722bd5]
V  [jvm.dll+0x72412d]
V  [jvm.dll+0x7247e3]
V  [jvm.dll+0x242928]
V  [jvm.dll+0xbc4fc]
V  [jvm.dll+0xbca0c]
V  [jvm.dll+0xbc608]
V  [jvm.dll+0x5cc470]
V  [jvm.dll+0x201cde]
V  [jvm.dll+0x617564]
V  [jvm.dll+0x1fa6b4]
V  [jvm.dll+0x18354c]
V  [jvm.dll+0x208ee7]
V  [jvm.dll+0x207731]
V  [jvm.dll+0x6eb1cf]
V  [jvm.dll+0x6e3d45]
V  [jvm.dll+0x5ebe96]
C  [ucrtbase.dll+0x21bb2]
C  [KERNEL32.DLL+0x17034]
C  [ntdll.dll+0x52651]


---------------  P R O C E S S  ---------------

Threads class SMR info:
_java_thread_list=0x0000020da968e690, length=36, elements={
0x0000020d8965d000, 0x0000020da4309800, 0x0000020da430a800, 0x0000020da4364800,
0x0000020da4367000, 0x0000020da4368000, 0x0000020da4377800, 0x0000020da4379000,
0x0000020da437a800, 0x0000020da44de800, 0x0000020da546a000, 0x0000020da463e800,
0x0000020da67e9800, 0x0000020da67ea800, 0x0000020da58b1800, 0x0000020da61fb800,
0x0000020da6a97000, 0x0000020da58b2800, 0x0000020da6dfa000, 0x0000020da5c64800,
0x0000020da5c65000, 0x0000020da5c67800, 0x0000020da5c6a000, 0x0000020da5c69800,
0x0000020da5c66000, 0x0000020da5c67000, 0x0000020da5c6b000, 0x0000020da5c68800,
0x0000020da7a53800, 0x0000020da7a4f000, 0x0000020da7a50800, 0x0000020da7a4e000,
0x0000020da7a54800, 0x0000020da7a55800, 0x0000020da7a4f800, 0x0000020da7a56000
}

Java Threads: ( => current thread )
  0x0000020d8965d000 JavaThread "main" [_thread_blocked, id=56524, stack(0x0000008573a00000,0x0000008573b00000)]
  0x0000020da4309800 JavaThread "Reference Handler" daemon [_thread_blocked, id=46900, stack(0x0000008574100000,0x0000008574200000)]
  0x0000020da430a800 JavaThread "Finalizer" daemon [_thread_blocked, id=59412, stack(0x0000008574200000,0x0000008574300000)]
  0x0000020da4364800 JavaThread "Signal Dispatcher" daemon [_thread_blocked, id=60164, stack(0x0000008574300000,0x0000008574400000)]
  0x0000020da4367000 JavaThread "Attach Listener" daemon [_thread_blocked, id=48296, stack(0x0000008574400000,0x0000008574500000)]
  0x0000020da4368000 JavaThread "Service Thread" daemon [_thread_blocked, id=40380, stack(0x0000008574500000,0x0000008574600000)]
=>0x0000020da4377800 JavaThread "C2 CompilerThread0" daemon [_thread_in_native, id=56616, stack(0x0000008574600000,0x0000008574700000)]
  0x0000020da4379000 JavaThread "C1 CompilerThread0" daemon [_thread_blocked, id=56472, stack(0x0000008574700000,0x0000008574800000)]
  0x0000020da437a800 JavaThread "Sweeper thread" daemon [_thread_blocked, id=52916, stack(0x0000008574800000,0x0000008574900000)]
  0x0000020da44de800 JavaThread "Common-Cleaner" daemon [_thread_blocked, id=54156, stack(0x0000008574900000,0x0000008574a00000)]
  0x0000020da546a000 JavaThread "Daemon health stats" [_thread_blocked, id=49444, stack(0x0000008574f00000,0x0000008575000000)]
  0x0000020da463e800 JavaThread "Incoming local TCP Connector on port 64625" [_thread_in_native, id=33552, stack(0x0000008574b00000,0x0000008574c00000)]
  0x0000020da67e9800 JavaThread "Daemon periodic checks" [_thread_blocked, id=48508, stack(0x0000008575000000,0x0000008575100000)]
  0x0000020da67ea800 JavaThread "Daemon" [_thread_blocked, id=59860, stack(0x0000008575100000,0x0000008575200000)]
  0x0000020da58b1800 JavaThread "Handler for socket connection from /127.0.0.1:64625 to /127.0.0.1:64626" [_thread_in_native, id=60400, stack(0x0000008575200000,0x0000008575300000)]
  0x0000020da61fb800 JavaThread "Cancel handler" [_thread_blocked, id=54104, stack(0x0000008575300000,0x0000008575400000)]
  0x0000020da6a97000 JavaThread "Daemon worker" [_thread_blocked, id=56536, stack(0x0000008575400000,0x0000008575500000)]
  0x0000020da58b2800 JavaThread "Asynchronous log dispatcher for DefaultDaemonConnection: socket connection from /127.0.0.1:64625 to /127.0.0.1:64626" [_thread_blocked, id=54344, stack(0x0000008575500000,0x0000008575600000)]
  0x0000020da6dfa000 JavaThread "Stdin handler" [_thread_blocked, id=32576, stack(0x0000008575600000,0x0000008575700000)]
  0x0000020da5c64800 JavaThread "Daemon client event forwarder" [_thread_blocked, id=35220, stack(0x0000008575700000,0x0000008575800000)]
  0x0000020da5c65000 JavaThread "Cache worker for file hash cache (C:\Users\91992\.gradle\caches\7.0.2\fileHashes)" [_thread_blocked, id=60240, stack(0x0000008575800000,0x0000008575900000)]
  0x0000020da5c67800 JavaThread "File lock request listener" [_thread_in_native, id=16052, stack(0x0000008575900000,0x0000008575a00000)]
  0x0000020da5c6a000 JavaThread "Cache worker for journal cache (C:\Users\91992\.gradle\caches\journal-1)" [_thread_blocked, id=59944, stack(0x0000008575f00000,0x0000008576000000)]
  0x0000020da5c69800 JavaThread "Cache worker for file hash cache (C:\Users\91992\AndroidStudioProjects\Flixster\.gradle\7.0.2\fileHashes)" [_thread_blocked, id=50828, stack(0x0000008576100000,0x0000008576200000)]
  0x0000020da5c66000 JavaThread "File watcher server" daemon [_thread_in_native, id=59608, stack(0x0000008576200000,0x0000008576300000)]
  0x0000020da5c67000 JavaThread "File watcher consumer" daemon [_thread_blocked, id=4232, stack(0x0000008576300000,0x0000008576400000)]
  0x0000020da5c6b000 JavaThread "Cache worker for checksums cache (C:\Users\91992\AndroidStudioProjects\Flixster\.gradle\checksums)" [_thread_blocked, id=50340, stack(0x0000008576400000,0x0000008576500000)]
  0x0000020da5c68800 JavaThread "Cache worker for cache directory md-supplier (C:\Users\91992\.gradle\caches\7.0.2\md-supplier)" [_thread_blocked, id=58596, stack(0x0000008576500000,0x0000008576600000)]
  0x0000020da7a53800 JavaThread "Cache worker for cache directory md-rule (C:\Users\91992\.gradle\caches\7.0.2\md-rule)" [_thread_blocked, id=53084, stack(0x0000008576600000,0x0000008576700000)]
  0x0000020da7a4f000 JavaThread "Cache worker for execution history cache (C:\Users\91992\.gradle\caches\7.0.2\executionHistory)" [_thread_blocked, id=11564, stack(0x0000008576700000,0x0000008576800000)]
  0x0000020da7a50800 JavaThread "jar transforms" [_thread_blocked, id=43076, stack(0x0000008576000000,0x0000008576100000)]
  0x0000020da7a4e000 JavaThread "jar transforms Thread 2" [_thread_blocked, id=55708, stack(0x0000008576800000,0x0000008576900000)]
  0x0000020da7a54800 JavaThread "Cache worker for file content cache (C:\Users\91992\.gradle\caches\7.0.2\fileContent)" [_thread_blocked, id=58872, stack(0x0000008576900000,0x0000008576a00000)]
  0x0000020da7a55800 JavaThread "Cache worker for dependencies-accessors (C:\Users\91992\AndroidStudioProjects\Flixster\.gradle\7.0.2\dependencies-accessors)" [_thread_blocked, id=59492, stack(0x0000008576a00000,0x0000008576b00000)]
  0x0000020da7a4f800 JavaThread "jar transforms Thread 3" [_thread_blocked, id=57496, stack(0x0000008576b00000,0x0000008576c00000)]
  0x0000020da7a56000 JavaThread "Cache worker for Build Output Cleanup Cache (C:\Users\91992\AndroidStudioProjects\Flixster\.gradle\buildOutputCleanup)" [_thread_blocked, id=28580, stack(0x0000008576c00000,0x0000008576d00000)]

Other Threads:
  0x0000020da4306000 VMThread "VM Thread" [stack: 0x0000008574000000,0x0000008574100000] [id=47248]
  0x0000020da44e7800 WatcherThread [stack: 0x0000008574a00000,0x0000008574b00000] [id=28480]
  0x0000020d89674800 GCTaskThread "GC Thread#0" [stack: 0x0000008573b00000,0x0000008573c00000] [id=55468]
  0x0000020da4cd1000 GCTaskThread "GC Thread#1" [stack: 0x0000008574c00000,0x0000008574d00000] [id=53060]
  0x0000020da54b3000 GCTaskThread "GC Thread#2" [stack: 0x0000008574d00000,0x0000008574e00000] [id=48388]
  0x0000020da5181000 GCTaskThread "GC Thread#3" [stack: 0x0000008574e00000,0x0000008574f00000] [id=51852]
  0x0000020da6786800 GCTaskThread "GC Thread#4" [stack: 0x0000008575a00000,0x0000008575b00000] [id=55728]
  0x0000020da57c8000 GCTaskThread "GC Thread#5" [stack: 0x0000008575b00000,0x0000008575c00000] [id=60004]
  0x0000020da5298800 GCTaskThread "GC Thread#6" [stack: 0x0000008575c00000,0x0000008575d00000] [id=44788]
  0x0000020da67ca000 GCTaskThread "GC Thread#7" [stack: 0x0000008575d00000,0x0000008575e00000] [id=53940]
  0x0000020d896a7800 ConcurrentGCThread "G1 Main Marker" [stack: 0x0000008573c00000,0x0000008573d00000] [id=57008]
  0x0000020d896a8800 ConcurrentGCThread "G1 Conc#0" [stack: 0x0000008573d00000,0x0000008573e00000] [id=26448]
  0x0000020da5e71800 ConcurrentGCThread "G1 Conc#1" [stack: 0x0000008575e00000,0x0000008575f00000] [id=15956]
  0x0000020da393e800 ConcurrentGCThread "G1 Refine#0" [stack: 0x0000008573e00000,0x0000008573f00000] [id=57784]
  0x0000020da3940000 ConcurrentGCThread "G1 Young RemSet Sampling" [stack: 0x0000008573f00000,0x0000008574000000] [id=57984]

Threads with active compile tasks:
C2 CompilerThread0   9626 3829       4       java.lang.invoke.LambdaForm$Name::replaceNames (174 bytes)
C1 CompilerThread0   9626 3843       3       java.util.regex.Matcher::appendExpandedReplacement (510 bytes)

VM state:at safepoint (normal execution)

VM Mutex/Monitor currently owned by a thread:  ([mutex/lock_event])
[0x0000020d89657f20] Threads_lock - owner thread: 0x0000020da4306000
[0x0000020d89657740] Heap_lock - owner thread: 0x0000020da6a97000

Heap address: 0x0000000080000000, size: 2048 MB, Compressed Oops mode: 32-bit
Narrow klass base: 0x0000000000000000, Narrow klass shift: 3
Compressed class space size: 1073741824 Address: 0x0000000100000000

Heap:
 garbage-first heap   total 192512K, used 28914K [0x0000000080000000, 0x0000000100000000)
  region size 1024K, 8 young (8192K), 8 survivors (8192K)
 Metaspace       used 44671K, capacity 45777K, committed 45952K, reserved 1097728K
  class space    used 5739K, capacity 6146K, committed 6272K, reserved 1048576K
Heap Regions: E=young(eden), S=young(survivor), O=old, HS=humongous(starts), HC=humongous(continues), CS=collection set, F=free, A=archive, TAMS=top-at-mark-start (previous, next)
|   0|0x0000000080000000, 0x0000000080100000, 0x0000000080100000|100%| O|  |TAMS 0x0000000080100000, 0x0000000080100000| Untracked 
|   1|0x0000000080100000, 0x0000000080200000, 0x0000000080200000|100%| O|  |TAMS 0x0000000080200000, 0x0000000080200000| Untracked 
|   2|0x0000000080200000, 0x0000000080300000, 0x0000000080300000|100%| O|  |TAMS 0x0000000080300000, 0x0000000080300000| Untracked 
|   3|0x0000000080300000, 0x0000000080400000, 0x0000000080400000|100%|HS|  |TAMS 0x0000000080400000, 0x0000000080400000| Complete 
|   4|0x0000000080400000, 0x0000000080500000, 0x0000000080500000|100%|HC|  |TAMS 0x0000000080500000, 0x0000000080500000| Complete 
|   5|0x0000000080500000, 0x0000000080600000, 0x0000000080600000|100%|HC|  |TAMS 0x0000000080600000, 0x0000000080600000| Complete 
|   6|0x0000000080600000, 0x0000000080700000, 0x0000000080700000|100%| O|  |TAMS 0x0000000080700000, 0x0000000080700000| Untracked 
|   7|0x0000000080700000, 0x0000000080800000, 0x0000000080800000|100%| O|  |TAMS 0x0000000080800000, 0x0000000080800000| Untracked 
|   8|0x0000000080800000, 0x0000000080900000, 0x0000000080900000|100%| O|  |TAMS 0x0000000080900000, 0x0000000080900000| Untracked 
|   9|0x0000000080900000, 0x0000000080a00000, 0x0000000080a00000|100%| O|  |TAMS 0x0000000080a00000, 0x0000000080a00000| Untracked 
|  10|0x0000000080a00000, 0x0000000080b00000, 0x0000000080b00000|100%| O|  |TAMS 0x0000000080b00000, 0x0000000080b00000| Untracked 
|  11|0x0000000080b00000, 0x0000000080c00000, 0x0000000080c00000|100%| O|  |TAMS 0x0000000080c00000, 0x0000000080c00000| Untracked 
|  12|0x0000000080c00000, 0x0000000080d00000, 0x0000000080d00000|100%| O|  |TAMS 0x0000000080d00000, 0x0000000080d00000| Untracked 
|  13|0x0000000080d00000, 0x0000000080e00000, 0x0000000080e00000|100%| O|  |TAMS 0x0000000080e00000, 0x0000000080e00000| Untracked 
|  14|0x0000000080e00000, 0x0000000080f00000, 0x0000000080f00000|100%| O|  |TAMS 0x0000000080f00000, 0x0000000080f00000| Untracked 
|  15|0x0000000080f00000, 0x0000000081000000, 0x0000000081000000|100%| O|  |TAMS 0x0000000081000000, 0x0000000081000000| Untracked 
|  16|0x0000000081000000, 0x0000000081100000, 0x0000000081100000|100%| O|  |TAMS 0x0000000081000c00, 0x0000000081100000| Untracked 
|  17|0x0000000081100000, 0x0000000081200000, 0x0000000081200000|100%| O|  |TAMS 0x0000000081100000, 0x0000000081200000| Untracked 
|  18|0x0000000081200000, 0x0000000081300000, 0x0000000081300000|100%| O|  |TAMS 0x0000000081200000, 0x0000000081300000| Untracked 
|  19|0x0000000081300000, 0x0000000081400000, 0x0000000081400000|100%| O|  |TAMS 0x0000000081300000, 0x0000000081400000| Untracked 
|  20|0x0000000081400000, 0x0000000081500000, 0x0000000081500000|100%| O|  |TAMS 0x0000000081400000, 0x0000000081500000| Untracked 
|  21|0x0000000081500000, 0x0000000081506e00, 0x0000000081600000|  2%| O|  |TAMS 0x0000000081500000, 0x0000000081506e00| Untracked 
|  22|0x0000000081600000, 0x0000000081600000, 0x0000000081700000|  0%| F|  |TAMS 0x0000000081600000, 0x0000000081600000| Untracked 
|  23|0x0000000081700000, 0x0000000081700000, 0x0000000081800000|  0%| F|  |TAMS 0x0000000081700000, 0x0000000081700000| Untracked 
|  24|0x0000000081800000, 0x0000000081800000, 0x0000000081900000|  0%| F|  |TAMS 0x0000000081800000, 0x0000000081800000| Untracked 
|  25|0x0000000081900000, 0x0000000081900000, 0x0000000081a00000|  0%| F|  |TAMS 0x0000000081900000, 0x0000000081900000| Untracked 
|  26|0x0000000081a00000, 0x0000000081a00000, 0x0000000081b00000|  0%| F|  |TAMS 0x0000000081a00000, 0x0000000081a00000| Untracked 
|  27|0x0000000081b00000, 0x0000000081b00000, 0x0000000081c00000|  0%| F|  |TAMS 0x0000000081b00000, 0x0000000081b00000| Untracked 
|  28|0x0000000081c00000, 0x0000000081c00000, 0x0000000081d00000|  0%| F|  |TAMS 0x0000000081c00000, 0x0000000081c00000| Untracked 
|  29|0x0000000081d00000, 0x0000000081d00000, 0x0000000081e00000|  0%| F|  |TAMS 0x0000000081d00000, 0x0000000081d00000| Untracked 
|  30|0x0000000081e00000, 0x0000000081e00000, 0x0000000081f00000|  0%| F|  |TAMS 0x0000000081e00000, 0x0000000081e00000| Untracked 
|  31|0x0000000081f00000, 0x0000000081f00000, 0x0000000082000000|  0%| F|  |TAMS 0x0000000081f00000, 0x0000000081f00000| Untracked 
|  32|0x0000000082000000, 0x0000000082000000, 0x0000000082100000|  0%| F|  |TAMS 0x0000000082000000, 0x0000000082000000| Untracked 
|  33|0x0000000082100000, 0x0000000082100000, 0x0000000082200000|  0%| F|  |TAMS 0x0000000082100000, 0x0000000082100000| Untracked 
|  34|0x0000000082200000, 0x0000000082200000, 0x0000000082300000|  0%| F|  |TAMS 0x0000000082200000, 0x0000000082200000| Untracked 
|  35|0x0000000082300000, 0x0000000082300000, 0x0000000082400000|  0%| F|  |TAMS 0x0000000082300000, 0x0000000082300000| Untracked 
|  36|0x0000000082400000, 0x0000000082400000, 0x0000000082500000|  0%| F|  |TAMS 0x0000000082400000, 0x0000000082400000| Untracked 
|  37|0x0000000082500000, 0x0000000082500000, 0x0000000082600000|  0%| F|  |TAMS 0x0000000082500000, 0x0000000082500000| Untracked 
|  38|0x0000000082600000, 0x0000000082600000, 0x0000000082700000|  0%| F|  |TAMS 0x0000000082600000, 0x0000000082600000| Untracked 
|  39|0x0000000082700000, 0x0000000082700000, 0x0000000082800000|  0%| F|  |TAMS 0x0000000082700000, 0x0000000082700000| Untracked 
|  40|0x0000000082800000, 0x0000000082800000, 0x0000000082900000|  0%| F|  |TAMS 0x0000000082800000, 0x0000000082800000| Untracked 
|  41|0x0000000082900000, 0x0000000082900000, 0x0000000082a00000|  0%| F|  |TAMS 0x0000000082900000, 0x0000000082900000| Untracked 
|  42|0x0000000082a00000, 0x0000000082a00000, 0x0000000082b00000|  0%| F|  |TAMS 0x0000000082a00000, 0x0000000082a00000| Untracked 
|  43|0x0000000082b00000, 0x0000000082b00000, 0x0000000082c00000|  0%| F|  |TAMS 0x0000000082b00000, 0x0000000082b00000| Untracked 
|  44|0x0000000082c00000, 0x0000000082c00000, 0x0000000082d00000|  0%| F|  |TAMS 0x0000000082c00000, 0x0000000082c00000| Untracked 
|  45|0x0000000082d00000, 0x0000000082d00000, 0x0000000082e00000|  0%| F|  |TAMS 0x0000000082d00000, 0x0000000082d00000| Untracked 
|  46|0x0000000082e00000, 0x0000000082e00000, 0x0000000082f00000|  0%| F|  |TAMS 0x0000000082e00000, 0x0000000082e00000| Untracked 
|  47|0x0000000082f00000, 0x0000000082f00000, 0x0000000083000000|  0%| F|  |TAMS 0x0000000082f00000, 0x0000000082f00000| Untracked 
|  48|0x0000000083000000, 0x0000000083000000, 0x0000000083100000|  0%| F|  |TAMS 0x0000000083000000, 0x0000000083000000| Untracked 
|  49|0x0000000083100000, 0x0000000083100000, 0x0000000083200000|  0%| F|  |TAMS 0x0000000083100000, 0x0000000083100000| Untracked 
|  50|0x0000000083200000, 0x0000000083200000, 0x0000000083300000|  0%| F|  |TAMS 0x0000000083200000, 0x0000000083200000| Untracked 
|  51|0x0000000083300000, 0x0000000083300000, 0x0000000083400000|  0%| F|  |TAMS 0x0000000083300000, 0x0000000083300000| Untracked 
|  52|0x0000000083400000, 0x0000000083400000, 0x0000000083500000|  0%| F|  |TAMS 0x0000000083400000, 0x0000000083400000| Untracked 
|  53|0x0000000083500000, 0x0000000083500000, 0x0000000083600000|  0%| F|  |TAMS 0x0000000083500000, 0x0000000083500000| Untracked 
|  54|0x0000000083600000, 0x0000000083600000, 0x0000000083700000|  0%| F|  |TAMS 0x0000000083600000, 0x0000000083600000| Untracked 
|  55|0x0000000083700000, 0x0000000083700000, 0x0000000083800000|  0%| F|  |TAMS 0x0000000083700000, 0x0000000083700000| Untracked 
|  56|0x0000000083800000, 0x0000000083800000, 0x0000000083900000|  0%| F|  |TAMS 0x0000000083800000, 0x0000000083800000| Untracked 
|  57|0x0000000083900000, 0x0000000083900000, 0x0000000083a00000|  0%| F|  |TAMS 0x0000000083900000, 0x0000000083900000| Untracked 
|  58|0x0000000083a00000, 0x0000000083a00000, 0x0000000083b00000|  0%| F|  |TAMS 0x0000000083a00000, 0x0000000083a00000| Untracked 
|  59|0x0000000083b00000, 0x0000000083b00000, 0x0000000083c00000|  0%| F|  |TAMS 0x0000000083b00000, 0x0000000083b00000| Untracked 
|  60|0x0000000083c00000, 0x0000000083c00000, 0x0000000083d00000|  0%| F|  |TAMS 0x0000000083c00000, 0x0000000083c00000| Untracked 
|  61|0x0000000083d00000, 0x0000000083d00000, 0x0000000083e00000|  0%| F|  |TAMS 0x0000000083d00000, 0x0000000083d00000| Untracked 
|  62|0x0000000083e00000, 0x0000000083e00000, 0x0000000083f00000|  0%| F|  |TAMS 0x0000000083e00000, 0x0000000083e00000| Untracked 
|  63|0x0000000083f00000, 0x0000000083f00000, 0x0000000084000000|  0%| F|  |TAMS 0x0000000083f00000, 0x0000000083f00000| Untracked 
|  64|0x0000000084000000, 0x0000000084000000, 0x0000000084100000|  0%| F|  |TAMS 0x0000000084000000, 0x0000000084000000| Untracked 
|  65|0x0000000084100000, 0x0000000084100000, 0x0000000084200000|  0%| F|  |TAMS 0x0000000084100000, 0x0000000084100000| Untracked 
|  66|0x0000000084200000, 0x0000000084200000, 0x0000000084300000|  0%| F|  |TAMS 0x0000000084200000, 0x0000000084200000| Untracked 
|  67|0x0000000084300000, 0x0000000084300000, 0x0000000084400000|  0%| F|  |TAMS 0x0000000084300000, 0x0000000084300000| Untracked 
|  68|0x0000000084400000, 0x0000000084400000, 0x0000000084500000|  0%| F|  |TAMS 0x0000000084400000, 0x0000000084400000| Untracked 
|  69|0x0000000084500000, 0x0000000084500000, 0x0000000084600000|  0%| F|  |TAMS 0x0000000084500000, 0x0000000084500000| Untracked 
|  70|0x0000000084600000, 0x0000000084600000, 0x0000000084700000|  0%| F|  |TAMS 0x0000000084600000, 0x0000000084600000| Untracked 
|  71|0x0000000084700000, 0x0000000084700000, 0x0000000084800000|  0%| F|  |TAMS 0x0000000084700000, 0x0000000084700000| Untracked 
|  72|0x0000000084800000, 0x0000000084800000, 0x0000000084900000|  0%| F|  |TAMS 0x0000000084800000, 0x0000000084800000| Untracked 
|  73|0x0000000084900000, 0x0000000084900000, 0x0000000084a00000|  0%| F|  |TAMS 0x0000000084900000, 0x0000000084900000| Untracked 
|  74|0x0000000084a00000, 0x0000000084a00000, 0x0000000084b00000|  0%| F|  |TAMS 0x0000000084a00000, 0x0000000084a00000| Untracked 
|  75|0x0000000084b00000, 0x0000000084b00000, 0x0000000084c00000|  0%| F|  |TAMS 0x0000000084b00000, 0x0000000084b00000| Untracked 
|  76|0x0000000084c00000, 0x0000000084c00000, 0x0000000084d00000|  0%| F|  |TAMS 0x0000000084c00000, 0x0000000084c00000| Untracked 
|  77|0x0000000084d00000, 0x0000000084d00000, 0x0000000084e00000|  0%| F|  |TAMS 0x0000000084d00000, 0x0000000084d00000| Untracked 
|  78|0x0000000084e00000, 0x0000000084e00000, 0x0000000084f00000|  0%| F|  |TAMS 0x0000000084e00000, 0x0000000084e00000| Untracked 
|  79|0x0000000084f00000, 0x0000000084f00000, 0x0000000085000000|  0%| F|  |TAMS 0x0000000084f00000, 0x0000000084f00000| Untracked 
|  80|0x0000000085000000, 0x0000000085000000, 0x0000000085100000|  0%| F|  |TAMS 0x0000000085000000, 0x0000000085000000| Untracked 
|  81|0x0000000085100000, 0x0000000085100000, 0x0000000085200000|  0%| F|  |TAMS 0x0000000085100000, 0x0000000085100000| Untracked 
|  82|0x0000000085200000, 0x0000000085200000, 0x0000000085300000|  0%| F|  |TAMS 0x0000000085200000, 0x0000000085200000| Untracked 
|  83|0x0000000085300000, 0x0000000085300000, 0x0000000085400000|  0%| F|  |TAMS 0x0000000085300000, 0x0000000085300000| Untracked 
|  84|0x0000000085400000, 0x0000000085400000, 0x0000000085500000|  0%| F|  |TAMS 0x0000000085400000, 0x0000000085400000| Untracked 
|  85|0x0000000085500000, 0x0000000085500000, 0x0000000085600000|  0%| F|  |TAMS 0x0000000085500000, 0x0000000085500000| Untracked 
|  86|0x0000000085600000, 0x0000000085600000, 0x0000000085700000|  0%| F|  |TAMS 0x0000000085600000, 0x0000000085600000| Untracked 
|  87|0x0000000085700000, 0x0000000085700000, 0x0000000085800000|  0%| F|  |TAMS 0x0000000085700000, 0x0000000085700000| Untracked 
|  88|0x0000000085800000, 0x0000000085800000, 0x0000000085900000|  0%| F|  |TAMS 0x0000000085800000, 0x0000000085800000| Untracked 
|  89|0x0000000085900000, 0x0000000085900000, 0x0000000085a00000|  0%| F|  |TAMS 0x0000000085900000, 0x0000000085900000| Untracked 
|  90|0x0000000085a00000, 0x0000000085a00000, 0x0000000085b00000|  0%| F|  |TAMS 0x0000000085a00000, 0x0000000085a00000| Untracked 
|  91|0x0000000085b00000, 0x0000000085b00000, 0x0000000085c00000|  0%| F|  |TAMS 0x0000000085b00000, 0x0000000085b00000| Untracked 
|  92|0x0000000085c00000, 0x0000000085c00000, 0x0000000085d00000|  0%| F|  |TAMS 0x0000000085c00000, 0x0000000085c00000| Untracked 
|  93|0x0000000085d00000, 0x0000000085d00000, 0x0000000085e00000|  0%| F|  |TAMS 0x0000000085d00000, 0x0000000085d00000| Untracked 
|  94|0x0000000085e00000, 0x0000000085e00000, 0x0000000085f00000|  0%| F|  |TAMS 0x0000000085e00000, 0x0000000085e00000| Untracked 
|  95|0x0000000085f00000, 0x0000000085f00000, 0x0000000086000000|  0%| F|  |TAMS 0x0000000085f00000, 0x0000000085f00000| Untracked 
|  96|0x0000000086000000, 0x0000000086000000, 0x0000000086100000|  0%| F|  |TAMS 0x0000000086000000, 0x0000000086000000| Untracked 
|  97|0x0000000086100000, 0x0000000086100000, 0x0000000086200000|  0%| F|  |TAMS 0x0000000086100000, 0x0000000086100000| Untracked 
|  98|0x0000000086200000, 0x0000000086200000, 0x0000000086300000|  0%| F|  |TAMS 0x0000000086200000, 0x0000000086200000| Untracked 
|  99|0x0000000086300000, 0x0000000086300000, 0x0000000086400000|  0%| F|  |TAMS 0x0000000086300000, 0x0000000086300000| Untracked 
| 100|0x0000000086400000, 0x0000000086400000, 0x0000000086500000|  0%| F|  |TAMS 0x0000000086400000, 0x0000000086400000| Untracked 
| 101|0x0000000086500000, 0x0000000086500000, 0x0000000086600000|  0%| F|  |TAMS 0x0000000086500000, 0x0000000086500000| Untracked 
| 102|0x0000000086600000, 0x0000000086600000, 0x0000000086700000|  0%| F|  |TAMS 0x0000000086600000, 0x0000000086600000| Untracked 
| 103|0x0000000086700000, 0x0000000086700000, 0x0000000086800000|  0%| F|  |TAMS 0x0000000086700000, 0x0000000086700000| Untracked 
| 104|0x0000000086800000, 0x0000000086800000, 0x0000000086900000|  0%| F|  |TAMS 0x0000000086800000, 0x0000000086800000| Untracked 
| 105|0x0000000086900000, 0x0000000086900000, 0x0000000086a00000|  0%| F|  |TAMS 0x0000000086900000, 0x0000000086900000| Untracked 
| 106|0x0000000086a00000, 0x0000000086a00000, 0x0000000086b00000|  0%| F|  |TAMS 0x0000000086a00000, 0x0000000086a00000| Untracked 
| 107|0x0000000086b00000, 0x0000000086b00000, 0x0000000086c00000|  0%| F|  |TAMS 0x0000000086b00000, 0x0000000086b00000| Untracked 
| 108|0x0000000086c00000, 0x0000000086c00000, 0x0000000086d00000|  0%| F|  |TAMS 0x0000000086c00000, 0x0000000086c00000| Untracked 
| 109|0x0000000086d00000, 0x0000000086d00000, 0x0000000086e00000|  0%| F|  |TAMS 0x0000000086d00000, 0x0000000086d00000| Untracked 
| 110|0x0000000086e00000, 0x0000000086e00000, 0x0000000086f00000|  0%| F|  |TAMS 0x0000000086e00000, 0x0000000086e00000| Untracked 
| 111|0x0000000086f00000, 0x0000000086f00000, 0x0000000087000000|  0%| F|  |TAMS 0x0000000086f00000, 0x0000000086f00000| Untracked 
| 112|0x0000000087000000, 0x0000000087000000, 0x0000000087100000|  0%| F|  |TAMS 0x0000000087000000, 0x0000000087000000| Untracked 
| 113|0x0000000087100000, 0x0000000087100000, 0x0000000087200000|  0%| F|  |TAMS 0x0000000087100000, 0x0000000087100000| Untracked 
| 114|0x0000000087200000, 0x0000000087200000, 0x0000000087300000|  0%| F|  |TAMS 0x0000000087200000, 0x0000000087200000| Untracked 
| 115|0x0000000087300000, 0x0000000087300000, 0x0000000087400000|  0%| F|  |TAMS 0x0000000087300000, 0x0000000087300000| Untracked 
| 116|0x0000000087400000, 0x0000000087400000, 0x0000000087500000|  0%| F|  |TAMS 0x0000000087400000, 0x0000000087400000| Untracked 
| 117|0x0000000087500000, 0x0000000087500000, 0x0000000087600000|  0%| F|  |TAMS 0x0000000087500000, 0x0000000087500000| Untracked 
| 118|0x0000000087600000, 0x0000000087600000, 0x0000000087700000|  0%| F|  |TAMS 0x0000000087600000, 0x0000000087600000| Untracked 
| 119|0x0000000087700000, 0x0000000087700000, 0x0000000087800000|  0%| F|  |TAMS 0x0000000087700000, 0x0000000087700000| Untracked 
| 120|0x0000000087800000, 0x0000000087800000, 0x0000000087900000|  0%| F|  |TAMS 0x0000000087800000, 0x0000000087800000| Untracked 
| 121|0x0000000087900000, 0x0000000087900000, 0x0000000087a00000|  0%| F|  |TAMS 0x0000000087900000, 0x0000000087900000| Untracked 
| 122|0x0000000087a00000, 0x0000000087a00000, 0x0000000087b00000|  0%| F|  |TAMS 0x0000000087a00000, 0x0000000087a00000| Untracked 
| 123|0x0000000087b00000, 0x0000000087b00000, 0x0000000087c00000|  0%| F|  |TAMS 0x0000000087b00000, 0x0000000087b00000| Untracked 
| 124|0x0000000087c00000, 0x0000000087c00000, 0x0000000087d00000|  0%| F|  |TAMS 0x0000000087c00000, 0x0000000087c00000| Untracked 
| 125|0x0000000087d00000, 0x0000000087d00000, 0x0000000087e00000|  0%| F|  |TAMS 0x0000000087d00000, 0x0000000087d00000| Untracked 
| 126|0x0000000087e00000, 0x0000000087e00000, 0x0000000087f00000|  0%| F|  |TAMS 0x0000000087e00000, 0x0000000087e00000| Untracked 
| 127|0x0000000087f00000, 0x0000000087f00000, 0x0000000088000000|  0%| F|  |TAMS 0x0000000087f00000, 0x0000000087f00000| Untracked 
| 128|0x0000000088000000, 0x0000000088000000, 0x0000000088100000|  0%| F|  |TAMS 0x0000000088000000, 0x0000000088000000| Untracked 
| 129|0x0000000088100000, 0x0000000088100000, 0x0000000088200000|  0%| F|  |TAMS 0x0000000088100000, 0x0000000088100000| Untracked 
| 130|0x0000000088200000, 0x0000000088200000, 0x0000000088300000|  0%| F|  |TAMS 0x0000000088200000, 0x0000000088200000| Untracked 
| 131|0x0000000088300000, 0x0000000088300000, 0x0000000088400000|  0%| F|  |TAMS 0x0000000088300000, 0x0000000088300000| Untracked 
| 132|0x0000000088400000, 0x0000000088400000, 0x0000000088500000|  0%| F|  |TAMS 0x0000000088400000, 0x0000000088400000| Untracked 
| 133|0x0000000088500000, 0x0000000088500000, 0x0000000088600000|  0%| F|  |TAMS 0x0000000088500000, 0x0000000088500000| Untracked 
| 134|0x0000000088600000, 0x0000000088600000, 0x0000000088700000|  0%| F|  |TAMS 0x0000000088600000, 0x0000000088600000| Untracked 
| 135|0x0000000088700000, 0x0000000088700000, 0x0000000088800000|  0%| F|  |TAMS 0x0000000088700000, 0x0000000088700000| Untracked 
| 136|0x0000000088800000, 0x0000000088800000, 0x0000000088900000|  0%| F|  |TAMS 0x0000000088800000, 0x0000000088800000| Untracked 
| 137|0x0000000088900000, 0x0000000088900000, 0x0000000088a00000|  0%| F|  |TAMS 0x0000000088900000, 0x0000000088900000| Untracked 
| 138|0x0000000088a00000, 0x0000000088a00000, 0x0000000088b00000|  0%| F|  |TAMS 0x0000000088a00000, 0x0000000088a00000| Untracked 
| 139|0x0000000088b00000, 0x0000000088b00000, 0x0000000088c00000|  0%| F|  |TAMS 0x0000000088b00000, 0x0000000088b00000| Untracked 
| 140|0x0000000088c00000, 0x0000000088c00000, 0x0000000088d00000|  0%| F|  |TAMS 0x0000000088c00000, 0x0000000088c00000| Untracked 
| 141|0x0000000088d00000, 0x0000000088d00000, 0x0000000088e00000|  0%| F|  |TAMS 0x0000000088d00000, 0x0000000088d00000| Untracked 
| 142|0x0000000088e00000, 0x0000000088e00000, 0x0000000088f00000|  0%| F|  |TAMS 0x0000000088e00000, 0x0000000088e00000| Untracked 
| 143|0x0000000088f00000, 0x0000000088f00000, 0x0000000089000000|  0%| F|  |TAMS 0x0000000088f00000, 0x0000000088f00000| Untracked 
| 144|0x0000000089000000, 0x0000000089000000, 0x0000000089100000|  0%| F|  |TAMS 0x0000000089000000, 0x0000000089000000| Untracked 
| 145|0x0000000089100000, 0x0000000089100000, 0x0000000089200000|  0%| F|  |TAMS 0x0000000089100000, 0x0000000089100000| Untracked 
| 146|0x0000000089200000, 0x0000000089200000, 0x0000000089300000|  0%| F|  |TAMS 0x0000000089200000, 0x0000000089200000| Untracked 
| 147|0x0000000089300000, 0x0000000089300000, 0x0000000089400000|  0%| F|  |TAMS 0x0000000089300000, 0x0000000089300000| Untracked 
| 148|0x0000000089400000, 0x0000000089435bf0, 0x0000000089500000| 20%| S|CS|TAMS 0x0000000089400000, 0x0000000089400000| Complete 
| 149|0x0000000089500000, 0x0000000089600000, 0x0000000089600000|100%| S|CS|TAMS 0x0000000089500000, 0x0000000089500000| Complete 
| 150|0x0000000089600000, 0x0000000089700000, 0x0000000089700000|100%| S|CS|TAMS 0x0000000089600000, 0x0000000089600000| Complete 
| 151|0x0000000089700000, 0x0000000089800000, 0x0000000089800000|100%| S|CS|TAMS 0x0000000089700000, 0x0000000089700000| Complete 
| 152|0x0000000089800000, 0x0000000089900000, 0x0000000089900000|100%| S|CS|TAMS 0x0000000089800000, 0x0000000089800000| Complete 
| 153|0x0000000089900000, 0x0000000089a00000, 0x0000000089a00000|100%| S|CS|TAMS 0x0000000089900000, 0x0000000089900000| Complete 
| 154|0x0000000089a00000, 0x0000000089b00000, 0x0000000089b00000|100%| S|CS|TAMS 0x0000000089a00000, 0x0000000089a00000| Complete 
| 155|0x0000000089b00000, 0x0000000089c00000, 0x0000000089c00000|100%| S|CS|TAMS 0x0000000089b00000, 0x0000000089b00000| Complete 
| 156|0x0000000089c00000, 0x0000000089c00000, 0x0000000089d00000|  0%| F|  |TAMS 0x0000000089c00000, 0x0000000089c00000| Untracked 
| 157|0x0000000089d00000, 0x0000000089d00000, 0x0000000089e00000|  0%| F|  |TAMS 0x0000000089d00000, 0x0000000089d00000| Untracked 
| 158|0x0000000089e00000, 0x0000000089e00000, 0x0000000089f00000|  0%| F|  |TAMS 0x0000000089e00000, 0x0000000089e00000| Untracked 
| 159|0x0000000089f00000, 0x0000000089f00000, 0x000000008a000000|  0%| F|  |TAMS 0x0000000089f00000, 0x0000000089f00000| Untracked 
| 160|0x000000008a000000, 0x000000008a000000, 0x000000008a100000|  0%| F|  |TAMS 0x000000008a000000, 0x000000008a000000| Untracked 
| 161|0x000000008a100000, 0x000000008a100000, 0x000000008a200000|  0%| F|  |TAMS 0x000000008a100000, 0x000000008a100000| Untracked 
| 162|0x000000008a200000, 0x000000008a200000, 0x000000008a300000|  0%| F|  |TAMS 0x000000008a200000, 0x000000008a200000| Untracked 
| 163|0x000000008a300000, 0x000000008a300000, 0x000000008a400000|  0%| F|  |TAMS 0x000000008a300000, 0x000000008a300000| Untracked 
| 164|0x000000008a400000, 0x000000008a400000, 0x000000008a500000|  0%| F|  |TAMS 0x000000008a400000, 0x000000008a400000| Untracked 
| 165|0x000000008a500000, 0x000000008a500000, 0x000000008a600000|  0%| F|  |TAMS 0x000000008a500000, 0x000000008a500000| Untracked 
| 166|0x000000008a600000, 0x000000008a600000, 0x000000008a700000|  0%| F|  |TAMS 0x000000008a600000, 0x000000008a600000| Untracked 
| 167|0x000000008a700000, 0x000000008a700000, 0x000000008a800000|  0%| F|  |TAMS 0x000000008a700000, 0x000000008a700000| Untracked 
| 168|0x000000008a800000, 0x000000008a800000, 0x000000008a900000|  0%| F|  |TAMS 0x000000008a800000, 0x000000008a800000| Untracked 
| 169|0x000000008a900000, 0x000000008a900000, 0x000000008aa00000|  0%| F|  |TAMS 0x000000008a900000, 0x000000008a900000| Untracked 
| 170|0x000000008aa00000, 0x000000008aa00000, 0x000000008ab00000|  0%| F|  |TAMS 0x000000008aa00000, 0x000000008aa00000| Untracked 
| 171|0x000000008ab00000, 0x000000008ab00000, 0x000000008ac00000|  0%| F|  |TAMS 0x000000008ab00000, 0x000000008ab00000| Untracked 
| 172|0x000000008ac00000, 0x000000008ac00000, 0x000000008ad00000|  0%| F|  |TAMS 0x000000008ac00000, 0x000000008ac00000| Untracked 
| 173|0x000000008ad00000, 0x000000008ad00000, 0x000000008ae00000|  0%| F|  |TAMS 0x000000008ad00000, 0x000000008ad00000| Untracked 
| 174|0x000000008ae00000, 0x000000008ae00000, 0x000000008af00000|  0%| F|  |TAMS 0x000000008ae00000, 0x000000008ae00000| Untracked 
| 175|0x000000008af00000, 0x000000008af00000, 0x000000008b000000|  0%| F|  |TAMS 0x000000008af00000, 0x000000008af00000| Untracked 
| 176|0x000000008b000000, 0x000000008b000000, 0x000000008b100000|  0%| F|  |TAMS 0x000000008b000000, 0x000000008b000000| Untracked 
| 177|0x000000008b100000, 0x000000008b100000, 0x000000008b200000|  0%| F|  |TAMS 0x000000008b100000, 0x000000008b100000| Untracked 
| 178|0x000000008b200000, 0x000000008b200000, 0x000000008b300000|  0%| F|  |TAMS 0x000000008b200000, 0x000000008b200000| Untracked 
| 179|0x000000008b300000, 0x000000008b300000, 0x000000008b400000|  0%| F|  |TAMS 0x000000008b300000, 0x000000008b300000| Untracked 
| 180|0x000000008b400000, 0x000000008b400000, 0x000000008b500000|  0%| F|  |TAMS 0x000000008b400000, 0x000000008b400000| Untracked 
| 181|0x000000008b500000, 0x000000008b500000, 0x000000008b600000|  0%| F|  |TAMS 0x000000008b500000, 0x000000008b500000| Untracked 
| 182|0x000000008b600000, 0x000000008b600000, 0x000000008b700000|  0%| F|  |TAMS 0x000000008b600000, 0x000000008b600000| Untracked 
| 183|0x000000008b700000, 0x000000008b700000, 0x000000008b800000|  0%| F|  |TAMS 0x000000008b700000, 0x000000008b700000| Untracked 
| 184|0x000000008b800000, 0x000000008b800000, 0x000000008b900000|  0%| F|  |TAMS 0x000000008b800000, 0x000000008b800000| Untracked 
| 185|0x000000008b900000, 0x000000008b900000, 0x000000008ba00000|  0%| F|  |TAMS 0x000000008b900000, 0x000000008b900000| Untracked 
| 186|0x000000008ba00000, 0x000000008ba00000, 0x000000008bb00000|  0%| F|  |TAMS 0x000000008ba00000, 0x000000008ba00000| Untracked 
| 187|0x000000008bb00000, 0x000000008bb00000, 0x000000008bc00000|  0%| F|  |TAMS 0x000000008bb00000, 0x000000008bb00000| Untracked 

Card table byte_map: [0x0000020d9c880000,0x0000020d9cc80000] _byte_map_base: 0x0000020d9c480000

Marking Bits (Prev, Next): (CMBitMap*) 0x0000020d8969e8b8, (CMBitMap*) 0x0000020d8969e8f0
 Prev Bits: [0x0000020d9d080000, 0x0000020d9f080000)
 Next Bits: [0x0000020d9f080000, 0x0000020da1080000)

Polling page: 0x0000020d875f0000

Metaspace:

Usage:
  Non-class:     38.70 MB capacity,    38.02 MB ( 98%) used,   591.55 KB (  1%) free+waste,   107.50 KB ( <1%) overhead. 
      Class:      6.00 MB capacity,     5.60 MB ( 93%) used,   354.55 KB (  6%) free+waste,    51.94 KB ( <1%) overhead. 
       Both:     44.70 MB capacity,    43.62 MB ( 98%) used,   946.11 KB (  2%) free+waste,   159.44 KB ( <1%) overhead. 

Virtual space:
  Non-class space:       48.00 MB reserved,      38.75 MB ( 81%) committed 
      Class space:        1.00 GB reserved,       6.13 MB ( <1%) committed 
             Both:        1.05 GB reserved,      44.88 MB (  4%) committed 

Chunk freelists:
   Non-Class:  49.00 KB
       Class:  0 bytes
        Both:  49.00 KB

MaxMetaspaceSize: 17179869184.00 GB
CompressedClassSpaceSize: 1.00 GB

CodeHeap 'non-profiled nmethods': size=120000Kb used=2030Kb max_used=2030Kb free=117969Kb
 bounds [0x0000020d94c20000, 0x0000020d94e90000, 0x0000020d9c150000]
CodeHeap 'profiled nmethods': size=120000Kb used=8201Kb max_used=8201Kb free=111798Kb
 bounds [0x0000020d8d6f0000, 0x0000020d8df00000, 0x0000020d94c20000]
CodeHeap 'non-nmethods': size=5760Kb used=2216Kb max_used=2252Kb free=3543Kb
 bounds [0x0000020d8d150000, 0x0000020d8d3c0000, 0x0000020d8d6f0000]
 total_blobs=4587 nmethods=3817 adapters=681
 compilation: enabled
              stopped_count=0, restarted_count=0
 full_count=0

Compilation events (20 events):
Event: 9.518 Thread 0x0000020da4377800 3829       4       java.lang.invoke.LambdaForm$Name::replaceNames (174 bytes)
Event: 9.519 Thread 0x0000020da4379000 3832       3       java.lang.reflect.Proxy$ProxyBuilder::getElementType (19 bytes)
Event: 9.519 Thread 0x0000020da4379000 nmethod 3832 0x0000020d8deefa90 code [0x0000020d8deefc60, 0x0000020d8deeff18]
Event: 9.519 Thread 0x0000020da4379000 3831       3       java.lang.reflect.Proxy$ProxyBuilder::addElementType (19 bytes)
Event: 9.520 Thread 0x0000020da4379000 nmethod 3831 0x0000020d8def0090 code [0x0000020d8def02a0, 0x0000020d8def0828]
Event: 9.520 Thread 0x0000020da4379000 3833       3       java.util.Collections$SingletonList::iterator (8 bytes)
Event: 9.520 Thread 0x0000020da4379000 nmethod 3833 0x0000020d8def0a10 code [0x0000020d8def0be0, 0x0000020d8def0eb8]
Event: 9.524 Thread 0x0000020da4379000 3834       1       org.gradle.internal.instantiation.generator.AbstractClassGenerator$GeneratedClassImpl::getConstructors (5 bytes)
Event: 9.524 Thread 0x0000020da4379000 nmethod 3834 0x0000020d94e1af90 code [0x0000020d94e1b140, 0x0000020d94e1b1f8]
Event: 9.537 Thread 0x0000020da4379000 3836       3       sun.reflect.generics.tree.TypeVariableSignature::accept (8 bytes)
Event: 9.538 Thread 0x0000020da4379000 nmethod 3836 0x0000020d8def1010 code [0x0000020d8def1200, 0x0000020d8def1608]
Event: 9.538 Thread 0x0000020da4379000 3837       3       sun.reflect.generics.visitor.Reifier::visitTypeVariableSignature (18 bytes)
Event: 9.538 Thread 0x0000020da4379000 nmethod 3837 0x0000020d8def1810 code [0x0000020d8def19e0, 0x0000020d8def1d08]
Event: 9.538 Thread 0x0000020da4379000 3839       3       com.google.common.collect.ImmutableList::asImmutableList (18 bytes)
Event: 9.539 Thread 0x0000020da4379000 nmethod 3839 0x0000020d8def1e90 code [0x0000020d8def2080, 0x0000020d8def24b8]
Event: 9.539 Thread 0x0000020da4379000 3840       1       com.google.common.collect.LinkedHashMultimap$ValueEntry::getSuccessorInValueSet (5 bytes)
Event: 9.539 Thread 0x0000020da4379000 nmethod 3840 0x0000020d94e1b290 code [0x0000020d94e1b440, 0x0000020d94e1b4f8]
Event: 9.539 Thread 0x0000020da4379000 3841       1       com.google.common.collect.LinkedHashMultimap$ValueSet::setSuccessorInValueSet (6 bytes)
Event: 9.539 Thread 0x0000020da4379000 nmethod 3841 0x0000020d94e1b590 code [0x0000020d94e1b740, 0x0000020d94e1b838]
Event: 9.539 Thread 0x0000020da4379000 3843       3       java.util.regex.Matcher::appendExpandedReplacement (510 bytes)

GC Heap History (10 events):
Event: 0.837 GC heap before
{Heap before GC invocations=0 (full 0):
 garbage-first heap   total 192512K, used 29696K [0x0000000080000000, 0x0000000100000000)
  region size 1024K, 24 young (24576K), 0 survivors (0K)
 Metaspace       used 10172K, capacity 10363K, committed 10624K, reserved 1058816K
  class space    used 1065K, capacity 1141K, committed 1152K, reserved 1048576K
}
Event: 0.841 GC heap after
{Heap after GC invocations=1 (full 0):
 garbage-first heap   total 192512K, used 9512K [0x0000000080000000, 0x0000000100000000)
  region size 1024K, 3 young (3072K), 3 survivors (3072K)
 Metaspace       used 10172K, capacity 10363K, committed 10624K, reserved 1058816K
  class space    used 1065K, capacity 1141K, committed 1152K, reserved 1048576K
}
Event: 3.923 GC heap before
{Heap before GC invocations=1 (full 0):
 garbage-first heap   total 192512K, used 105768K [0x0000000080000000, 0x0000000100000000)
  region size 1024K, 98 young (100352K), 3 survivors (3072K)
 Metaspace       used 20601K, capacity 21124K, committed 21248K, reserved 1067008K
  class space    used 2519K, capacity 2722K, committed 2816K, reserved 1048576K
}
Event: 3.934 GC heap after
{Heap after GC invocations=2 (full 0):
 garbage-first heap   total 192512K, used 16669K [0x0000000080000000, 0x0000000100000000)
  region size 1024K, 10 young (10240K), 10 survivors (10240K)
 Metaspace       used 20601K, capacity 21124K, committed 21248K, reserved 1067008K
  class space    used 2519K, capacity 2722K, committed 2816K, reserved 1048576K
}
Event: 4.796 GC heap before
{Heap before GC invocations=3 (full 0):
 garbage-first heap   total 192512K, used 60701K [0x0000000080000000, 0x0000000100000000)
  region size 1024K, 53 young (54272K), 10 survivors (10240K)
 Metaspace       used 25021K, capacity 25609K, committed 25728K, reserved 1071104K
  class space    used 3249K, capacity 3455K, committed 3456K, reserved 1048576K
}
Event: 4.803 GC heap after
{Heap after GC invocations=4 (full 0):
 garbage-first heap   total 192512K, used 18325K [0x0000000080000000, 0x0000000100000000)
  region size 1024K, 2 young (2048K), 2 survivors (2048K)
 Metaspace       used 25021K, capacity 25609K, committed 25728K, reserved 1071104K
  class space    used 3249K, capacity 3455K, committed 3456K, reserved 1048576K
}
Event: 6.465 GC heap before
{Heap before GC invocations=4 (full 0):
 garbage-first heap   total 192512K, used 83861K [0x0000000080000000, 0x0000000100000000)
  region size 1024K, 68 young (69632K), 2 survivors (2048K)
 Metaspace       used 35025K, capacity 35830K, committed 35840K, reserved 1081344K
  class space    used 4540K, capacity 4864K, committed 4864K, reserved 1048576K
}
Event: 6.478 GC heap after
{Heap after GC invocations=5 (full 0):
 garbage-first heap   total 192512K, used 22013K [0x0000000080000000, 0x0000000100000000)
  region size 1024K, 6 young (6144K), 6 survivors (6144K)
 Metaspace       used 35025K, capacity 35830K, committed 35840K, reserved 1081344K
  class space    used 4540K, capacity 4864K, committed 4864K, reserved 1048576K
}
Event: 8.660 GC heap before
{Heap before GC invocations=6 (full 0):
 garbage-first heap   total 192512K, used 112125K [0x0000000080000000, 0x0000000100000000)
  region size 1024K, 91 young (93184K), 6 survivors (6144K)
 Metaspace       used 42332K, capacity 43289K, committed 43392K, reserved 1087488K
  class space    used 5379K, capacity 5740K, committed 5760K, reserved 1048576K
}
Event: 8.667 GC heap after
{Heap after GC invocations=7 (full 0):
 garbage-first heap   total 192512K, used 27430K [0x0000000080000000, 0x0000000100000000)
  region size 1024K, 11 young (11264K), 11 survivors (11264K)
 Metaspace       used 42332K, capacity 43289K, committed 43392K, reserved 1087488K
  class space    used 5379K, capacity 5740K, committed 5760K, reserved 1048576K
}

Deoptimization events (20 events):
Event: 8.835 Thread 0x0000020da6a97000 DEOPT PACKING pc=0x0000020d8dcc0ff9 sp=0x00000085754f6460
Event: 8.835 Thread 0x0000020da6a97000 DEOPT UNPACKING pc=0x0000020d8d178ede sp=0x00000085754f59a8 mode 0
Event: 8.953 Thread 0x0000020da6a97000 Uncommon trap: trap_request=0xffffff4d fr.pc=0x0000020d94c9f08c relative=0x00000000000001cc
Event: 8.953 Thread 0x0000020da6a97000 Uncommon trap: reason=unstable_if action=reinterpret pc=0x0000020d94c9f08c method=java.net.URI$Parser.scan(IILjava/lang/String;)I @ 26 c2
Event: 8.953 Thread 0x0000020da6a97000 DEOPT PACKING pc=0x0000020d94c9f08c sp=0x00000085754f8d40
Event: 8.953 Thread 0x0000020da6a97000 DEOPT UNPACKING pc=0x0000020d8d1583af sp=0x00000085754f8cd0 mode 2
Event: 8.953 Thread 0x0000020da6a97000 Uncommon trap: trap_request=0xffffff4d fr.pc=0x0000020d94c764dc relative=0x000000000000011c
Event: 8.953 Thread 0x0000020da6a97000 Uncommon trap: reason=unstable_if action=reinterpret pc=0x0000020d94c764dc method=java.net.URI.match(CJJ)Z @ 45 c2
Event: 8.953 Thread 0x0000020da6a97000 DEOPT PACKING pc=0x0000020d94c764dc sp=0x00000085754f8ab0
Event: 8.953 Thread 0x0000020da6a97000 DEOPT UNPACKING pc=0x0000020d8d1583af sp=0x00000085754f89e8 mode 2
Event: 8.953 Thread 0x0000020da6a97000 Uncommon trap: trap_request=0xffffff4d fr.pc=0x0000020d94c3d4e8 relative=0x0000000000000048
Event: 8.953 Thread 0x0000020da6a97000 Uncommon trap: reason=unstable_if action=reinterpret pc=0x0000020d94c3d4e8 method=java.net.URI.match(CJJ)Z @ 19 c2
Event: 8.953 Thread 0x0000020da6a97000 DEOPT PACKING pc=0x0000020d94c3d4e8 sp=0x00000085754f8ac0
Event: 8.954 Thread 0x0000020da6a97000 DEOPT UNPACKING pc=0x0000020d8d1583af sp=0x00000085754f8a70 mode 2
Event: 9.501 Thread 0x0000020da6a97000 DEOPT PACKING pc=0x0000020d8dcc0ff9 sp=0x00000085754f72f0
Event: 9.501 Thread 0x0000020da6a97000 DEOPT UNPACKING pc=0x0000020d8d178ede sp=0x00000085754f6838 mode 0
Event: 9.504 Thread 0x0000020da6a97000 DEOPT PACKING pc=0x0000020d8dcc0ff9 sp=0x00000085754f76d0
Event: 9.504 Thread 0x0000020da6a97000 DEOPT UNPACKING pc=0x0000020d8d178ede sp=0x00000085754f6c18 mode 0
Event: 9.509 Thread 0x0000020da6a97000 DEOPT PACKING pc=0x0000020d8dcc0ff9 sp=0x00000085754f7730
Event: 9.509 Thread 0x0000020da6a97000 DEOPT UNPACKING pc=0x0000020d8d178ede sp=0x00000085754f6c78 mode 0

Classes redefined (0 events):
No events

Internal exceptions (20 events):
Event: 8.443 Thread 0x0000020da6a97000 Implicit null exception at 0x0000020d94d253f4 to 0x0000020d94d2561c
Event: 8.709 Thread 0x0000020da6a97000 Exception <a 'java/lang/ClassNotFoundException'{0x000000008ba45d80}: build_595ju84sl5cqope8sbmxduqcjBeanInfo> (0x000000008ba45d80) thrown at [./src/hotspot/share/classfile/systemDictionary.cpp, line 231]
Event: 8.709 Thread 0x0000020da6a97000 Exception <a 'java/lang/ClassNotFoundException'{0x000000008ba5bbc8}: org/gradle/api/internal/project/ProjectScriptBeanInfo> (0x000000008ba5bbc8) thrown at [./src/hotspot/share/classfile/systemDictionary.cpp, line 231]
Event: 8.712 Thread 0x0000020da6a97000 Exception <a 'java/lang/ClassNotFoundException'{0x000000008ba71be0}: org/gradle/api/internal/project/ProjectScriptCustomizer> (0x000000008ba71be0) thrown at [./src/hotspot/share/classfile/systemDictionary.cpp, line 231]
Event: 8.720 Thread 0x0000020da6a97000 Exception <a 'java/lang/ClassNotFoundException'{0x000000008ba8cdd0}: build_595ju84sl5cqope8sbmxduqcjCustomizer> (0x000000008ba8cdd0) thrown at [./src/hotspot/share/classfile/systemDictionary.cpp, line 231]
Event: 8.737 Thread 0x0000020da6a97000 Exception <a 'java/lang/ClassNotFoundException'{0x000000008b91eca0}: org/gradle/api/internal/initialization/DefaultScriptHandlerBeanInfo> (0x000000008b91eca0) thrown at [./src/hotspot/share/classfile/systemDictionary.cpp, line 231]
Event: 8.739 Thread 0x0000020da6a97000 Exception <a 'java/lang/ClassNotFoundException'{0x000000008b947c58}: org/gradle/api/internal/initialization/DefaultScriptHandlerCustomizer> (0x000000008b947c58) thrown at [./src/hotspot/share/classfile/systemDictionary.cpp, line 231]
Event: 8.920 Thread 0x0000020da6a97000 Exception <a 'java/lang/ClassNotFoundException'{0x000000008b129748}: org/gradle/api/internal/artifacts/dsl/dependencies/DefaultDependencyHandler_DecoratedBeanInfo> (0x000000008b129748) thrown at [./src/hotspot/share/classfile/systemDictionary.cpp, line 231]
Event: 8.920 Thread 0x0000020da6a97000 Exception <a 'java/lang/ClassNotFoundException'{0x000000008b1678a8}: org/gradle/api/internal/artifacts/dsl/dependencies/DefaultDependencyHandlerBeanInfo> (0x000000008b1678a8) thrown at [./src/hotspot/share/classfile/systemDictionary.cpp, line 231]
Event: 8.921 Thread 0x0000020da6a97000 Exception <a 'java/lang/ClassNotFoundException'{0x000000008b1a6008}: org/gradle/api/internal/artifacts/dsl/dependencies/DefaultDependencyHandlerCustomizer> (0x000000008b1a6008) thrown at [./src/hotspot/share/classfile/systemDictionary.cpp, line 231]
Event: 8.925 Thread 0x0000020da6a97000 Exception <a 'java/lang/ClassNotFoundException'{0x000000008b00d8f8}: org/gradle/api/internal/artifacts/dsl/dependencies/DefaultDependencyHandler_DecoratedCustomizer> (0x000000008b00d8f8) thrown at [./src/hotspot/share/classfile/systemDictionary.cpp, line 231]
Event: 8.940 Thread 0x0000020da6a97000 Exception <a 'java/lang/NoSuchMethodError'{0x000000008af1bcf0}: 'java.lang.Object java.lang.invoke.DirectMethodHandle$Holder.invokeStatic(java.lang.Object, java.lang.Object, int, java.lang.Object)'> (0x000000008af1bcf0) thrown at [./src/hotspot/share/interpreter/linkResolver.cpp, line 773]
Event: 8.940 Thread 0x0000020da6a97000 Exception <a 'java/lang/NoSuchMethodError'{0x000000008af22f88}: 'java.lang.Object java.lang.invoke.Invokers$Holder.linkToTargetMethod(java.lang.Object, int, java.lang.Object, java.lang.Object)'> (0x000000008af22f88) thrown at [./src/hotspot/share/interpreter/linkResolver.cpp, line 773]
Event: 9.501 Thread 0x0000020da6a97000 Exception <a 'java/lang/NoSuchMethodError'{0x0000000089eaa6d8}: 'java.lang.Object java.lang.invoke.DelegatingMethodHandle$Holder.reinvoke_L(java.lang.Object, java.lang.Object, java.lang.Object, java.lang.Object, java.lang.Object, java.lang.Object, java.lang.Object, java.lang.Object, java.lang.Object, java.lang.Object, java.lang.Object, java.lang.Object, java.lang.Object, java.lang.Object, java.lang.Object, java.lang.Object, java.lang.Object, java.lang.Object, java.lang.Object, java.lang.Object, java.lang.O
Event: 9.502 Thread 0x0000020da6a97000 Exception <a 'java/lang/NoSuchMethodError'{0x0000000089eb60e0}: 'java.lang.Object java.lang.invoke.DirectMethodHandle$Holder.invokeSpecial(java.lang.Object, java.lang.Object, java.lang.Object, java.lang.Object, java.lang.Object, java.lang.Object, java.lang.Object, java.lang.Object, java.lang.Object, java.lang.Object, java.lang.Object, java.lang.Object, java.lang.Object, java.lang.Object, java.lang.Object, java.lang.Object, java.lang.Object, java.lang.Object, java.lang.Object, java.lang.Object, java.lang.Ob
Event: 9.502 Thread 0x0000020da6a97000 Exception <a 'java/lang/NoSuchMethodError'{0x0000000089ebc2d0}: 'java.lang.Object java.lang.invoke.Invokers$Holder.invoker(java.lang.Object, java.lang.Object, java.lang.Object, java.lang.Object, java.lang.Object, java.lang.Object, java.lang.Object, java.lang.Object, java.lang.Object, java.lang.Object, java.lang.Object, java.lang.Object, java.lang.Object, java.lang.Object, java.lang.Object, java.lang.Object, java.lang.Object, java.lang.Object, java.lang.Object, java.lang.Object, java.lang.Object)'> (0x00000
Event: 9.502 Thread 0x0000020da6a97000 Exception <a 'java/lang/NoSuchMethodError'{0x0000000089ec3640}: 'java.lang.Object java.lang.invoke.DelegatingMethodHandle$Holder.delegate(java.lang.Object, java.lang.Object, java.lang.Object, java.lang.Object, java.lang.Object, java.lang.Object, java.lang.Object, java.lang.Object, java.lang.Object, java.lang.Object, java.lang.Object, java.lang.Object, java.lang.Object, java.lang.Object, java.lang.Object, java.lang.Object, java.lang.Object, java.lang.Object, java.lang.Object, java.lang.Object, java.lang.Obj
Event: 9.506 Thread 0x0000020da6a97000 Exception <a 'java/lang/NoSuchMethodError'{0x0000000089d0cba0}: 'java.lang.Object java.lang.invoke.DirectMethodHandle$Holder.invokeStatic(java.lang.Object, java.lang.Object, java.lang.Object, java.lang.Object, java.lang.Object, java.lang.Object, java.lang.Object, java.lang.Object, java.lang.Object, java.lang.Object, java.lang.Object, java.lang.Object, java.lang.Object, java.lang.Object, java.lang.Object)'> (0x0000000089d0cba0) thrown at [./src/hotspot/share/interpreter/linkResolver.cpp, line 773]
Event: 9.507 Thread 0x0000020da6a97000 Exception <a 'java/lang/NoSuchMethodError'{0x0000000089d1d1d8}: 'java.lang.Object java.lang.invoke.DirectMethodHandle$Holder.invokeStatic(java.lang.Object, java.lang.Object, java.lang.Object, java.lang.Object, java.lang.Object, java.lang.Object, java.lang.Object, java.lang.Object, java.lang.Object, java.lang.Object, java.lang.Object, java.lang.Object, java.lang.Object, java.lang.Object, java.lang.Object, java.lang.Object)'> (0x0000000089d1d1d8) thrown at [./src/hotspot/share/interpreter/linkResolver.cpp, l
Event: 9.508 Thread 0x0000020da6a97000 Exception <a 'java/lang/NoSuchMethodError'{0x0000000089d2d720}: 'java.lang.Object java.lang.invoke.DelegatingMethodHandle$Holder.reinvoke_L(java.lang.Object, java.lang.Object, java.lang.Object, java.lang.Object, java.lang.Object, java.lang.Object, java.lang.Object, java.lang.Object, java.lang.Object, java.lang.Object, java.lang.Object, java.lang.Object, java.lang.Object, java.lang.Object, java.lang.Object, java.lang.Object, java.lang.Object, java.lang.Object, java.lang.Object, java.lang.Object)'> (0x000000

Events (20 events):
Event: 9.523 loading class org/gradle/api/internal/project/ProjectInternal
Event: 9.523 loading class org/gradle/api/internal/project/ProjectInternal done
Event: 9.523 loading class org/gradle/api/internal/project/ProjectInternal
Event: 9.523 loading class org/gradle/api/internal/project/ProjectInternal done
Event: 9.523 loading class org/gradle/internal/service/scopes/ProjectScopeServices
Event: 9.523 loading class org/gradle/internal/service/scopes/ProjectScopeServices done
Event: 9.523 Executing VM operation: CollectForMetadataAllocation
Event: 9.523 Executing VM operation: CollectForMetadataAllocation done
Event: 9.524 loading class org/gradle/internal/component/local/model/BuildableLocalConfigurationMetadata
Event: 9.524 loading class org/gradle/internal/component/local/model/BuildableLocalConfigurationMetadata done
Event: 9.525 loading class org/gradle/internal/component/local/model/LocalConfigurationMetadata
Event: 9.525 loading class org/gradle/internal/component/local/model/LocalConfigurationMetadata done
Event: 9.526 loading class org/gradle/internal/component/local/model/DefaultLocalComponentMetadata$DefaultLocalConfigurationMetadata
Event: 9.526 loading class org/gradle/internal/component/local/model/DefaultLocalComponentMetadata$DefaultLocalConfigurationMetadata done
Event: 9.529 loading class org/gradle/internal/component/local/model/RootLocalComponentMetadata$RootLocalConfigurationMetadata
Event: 9.529 loading class org/gradle/internal/component/local/model/RootLocalComponentMetadata$RootLocalConfigurationMetadata done
Event: 9.529 loading class org/gradle/internal/component/local/model/RootConfigurationMetadata
Event: 9.529 loading class org/gradle/internal/component/local/model/RootConfigurationMetadata done
Event: 9.535 loading class org/gradle/internal/component/model/ImmutableModuleSources
Event: 9.535 loading class org/gradle/internal/component/model/ImmutableModuleSources done


Dynamic libraries:
0x00007ff6c96d0000 - 0x00007ff6c96da000 	C:\Program Files\Android\Android Studio\jre\bin\java.exe
0x00007ff97a7f0000 - 0x00007ff97a9e5000 	C:\WINDOWS\SYSTEM32\ntdll.dll
0x00007ff979e50000 - 0x00007ff979f0e000 	C:\WINDOWS\System32\KERNEL32.DLL
0x00007ff978140000 - 0x00007ff978408000 	C:\WINDOWS\System32\KERNELBASE.dll
0x00007ff977f00000 - 0x00007ff978000000 	C:\WINDOWS\System32\ucrtbase.dll
0x00007ff94fdd0000 - 0x00007ff94fde9000 	C:\Program Files\Android\Android Studio\jre\bin\jli.dll
0x00007ff9788d0000 - 0x00007ff978a71000 	C:\WINDOWS\System32\USER32.dll
0x00007ff94fac0000 - 0x00007ff94fad7000 	C:\Program Files\Android\Android Studio\jre\bin\VCRUNTIME140.dll
0x00007ff978500000 - 0x00007ff978522000 	C:\WINDOWS\System32\win32u.dll
0x00007ff978b90000 - 0x00007ff978bbb000 	C:\WINDOWS\System32\GDI32.dll
0x00007ff95c430000 - 0x00007ff95c6ca000 	C:\WINDOWS\WinSxS\amd64_microsoft.windows.common-controls_6595b64144ccf1df_6.0.19041.1110_none_60b5254171f9507e\COMCTL32.dll
0x00007ff978530000 - 0x00007ff97863d000 	C:\WINDOWS\System32\gdi32full.dll
0x00007ff978830000 - 0x00007ff9788ce000 	C:\WINDOWS\System32\msvcrt.dll
0x00007ff978460000 - 0x00007ff9784fd000 	C:\WINDOWS\System32\msvcp_win.dll
0x00007ff97a030000 - 0x00007ff97a060000 	C:\WINDOWS\System32\IMM32.DLL
0x00007ff93d360000 - 0x00007ff93d3fd000 	C:\Program Files\Android\Android Studio\jre\bin\msvcp140.dll
0x00007ff8f37b0000 - 0x00007ff8f427f000 	C:\Program Files\Android\Android Studio\jre\bin\server\jvm.dll
0x00007ff979f80000 - 0x00007ff97a02e000 	C:\WINDOWS\System32\ADVAPI32.dll
0x00007ff979400000 - 0x00007ff97949c000 	C:\WINDOWS\System32\sechost.dll
0x00007ff978bc0000 - 0x00007ff978ce5000 	C:\WINDOWS\System32\RPCRT4.dll
0x00007ff979dc0000 - 0x00007ff979dc8000 	C:\WINDOWS\System32\PSAPI.DLL
0x00007ff95d560000 - 0x00007ff95d587000 	C:\WINDOWS\SYSTEM32\WINMM.dll
0x00007ff971610000 - 0x00007ff97161a000 	C:\WINDOWS\SYSTEM32\VERSION.dll
0x00007ff95d590000 - 0x00007ff95d599000 	C:\WINDOWS\SYSTEM32\WSOCK32.dll
0x00007ff979f10000 - 0x00007ff979f7b000 	C:\WINDOWS\System32\WS2_32.dll
0x00007ff9767d0000 - 0x00007ff9767e2000 	C:\WINDOWS\SYSTEM32\kernel.appcore.dll
0x00007ff969b90000 - 0x00007ff969ba1000 	C:\Program Files\Android\Android Studio\jre\bin\verify.dll
0x00007ff976560000 - 0x00007ff976744000 	C:\WINDOWS\SYSTEM32\DBGHELP.DLL
0x00007ff969c00000 - 0x00007ff969c2c000 	C:\WINDOWS\SYSTEM32\dbgcore.DLL
0x00007ff9780b0000 - 0x00007ff978132000 	C:\WINDOWS\System32\bcryptPrimitives.dll
0x00007ff968950000 - 0x00007ff968979000 	C:\Program Files\Android\Android Studio\jre\bin\java.dll
0x00007ff971b70000 - 0x00007ff971b7b000 	C:\Program Files\Android\Android Studio\jre\bin\jimage.dll
0x00007ff969470000 - 0x00007ff969488000 	C:\Program Files\Android\Android Studio\jre\bin\zip.dll
0x00007ff97a060000 - 0x00007ff97a7a4000 	C:\WINDOWS\System32\SHELL32.dll
0x00007ff975dc0000 - 0x00007ff976555000 	C:\WINDOWS\SYSTEM32\windows.storage.dll
0x00007ff978cf0000 - 0x00007ff979045000 	C:\WINDOWS\System32\combase.dll
0x00007ff977950000 - 0x00007ff97797e000 	C:\WINDOWS\SYSTEM32\Wldp.dll
0x00007ff979d00000 - 0x00007ff979dad000 	C:\WINDOWS\System32\SHCORE.dll
0x00007ff979dd0000 - 0x00007ff979e25000 	C:\WINDOWS\System32\shlwapi.dll
0x00007ff977e40000 - 0x00007ff977e5f000 	C:\WINDOWS\SYSTEM32\profapi.dll
0x00007ff969400000 - 0x00007ff96941a000 	C:\Program Files\Android\Android Studio\jre\bin\net.dll
0x00007ff970e40000 - 0x00007ff970f4c000 	C:\WINDOWS\SYSTEM32\WINHTTP.dll
0x00007ff9776b0000 - 0x00007ff97771a000 	C:\WINDOWS\system32\mswsock.dll
0x00007ff9688e0000 - 0x00007ff9688f4000 	C:\Program Files\Android\Android Studio\jre\bin\nio.dll
0x00007ff954e30000 - 0x00007ff954e57000 	C:\Users\91992\.gradle\native\8bec1ad78214c89d9ad589b4d07fe93259594b29d510b10fafb7a158f7737e5d\windows-amd64\native-platform.dll
0x00007ff93edb0000 - 0x00007ff93eeed000 	C:\Users\91992\.gradle\native\53dbd7edfb1c66fb8903c78663c9afc45aea4f116125fa6feffd364cf09443e8\windows-amd64\native-platform-file-events.dll
0x00007ff96a160000 - 0x00007ff96a16a000 	C:\Program Files\Android\Android Studio\jre\bin\management.dll
0x00007ff969aa0000 - 0x00007ff969aac000 	C:\Program Files\Android\Android Studio\jre\bin\management_ext.dll
0x00007ff9778a0000 - 0x00007ff9778b8000 	C:\WINDOWS\SYSTEM32\CRYPTSP.dll
0x00007ff976fc0000 - 0x00007ff976ff4000 	C:\WINDOWS\system32\rsaenh.dll
0x00007ff9786a0000 - 0x00007ff9786c7000 	C:\WINDOWS\System32\bcrypt.dll
0x00007ff977dc0000 - 0x00007ff977dee000 	C:\WINDOWS\SYSTEM32\USERENV.dll
0x00007ff9778c0000 - 0x00007ff9778cc000 	C:\WINDOWS\SYSTEM32\CRYPTBASE.dll
0x00007ff977350000 - 0x00007ff97738b000 	C:\WINDOWS\SYSTEM32\IPHLPAPI.DLL
0x00007ff979db0000 - 0x00007ff979db8000 	C:\WINDOWS\System32\NSI.dll
0x00007ff975ce0000 - 0x00007ff975cf7000 	C:\WINDOWS\SYSTEM32\dhcpcsvc6.DLL
0x00007ff975cc0000 - 0x00007ff975cdd000 	C:\WINDOWS\SYSTEM32\dhcpcsvc.DLL
0x00007ff977390000 - 0x00007ff97745b000 	C:\WINDOWS\SYSTEM32\DNSAPI.dll

dbghelp: loaded successfully - version: 4.0.5 - missing functions: none
symbol engine: initialized successfully - sym options: 0x614 - pdb path: .;C:\Program Files\Android\Android Studio\jre\bin;C:\WINDOWS\SYSTEM32;C:\WINDOWS\WinSxS\amd64_microsoft.windows.common-controls_6595b64144ccf1df_6.0.19041.1110_none_60b5254171f9507e;C:\Program Files\Android\Android Studio\jre\bin\server;C:\Users\91992\.gradle\native\8bec1ad78214c89d9ad589b4d07fe93259594b29d510b10fafb7a158f7737e5d\windows-amd64;C:\Users\91992\.gradle\native\53dbd7edfb1c66fb8903c78663c9afc45aea4f116125fa6feffd364cf09443e8\windows-amd64

VM Arguments:
jvm_args: --add-opens=java.base/java.util=ALL-UNNAMED --add-opens=java.base/java.lang=ALL-UNNAMED --add-opens=java.base/java.lang.invoke=ALL-UNNAMED --add-opens=java.base/java.util=ALL-UNNAMED --add-opens=java.prefs/java.util.prefs=ALL-UNNAMED --add-opens=java.prefs/java.util.prefs=ALL-UNNAMED --add-opens=java.base/java.nio.charset=ALL-UNNAMED --add-opens=java.base/java.net=ALL-UNNAMED --add-opens=java.base/java.util.concurrent.atomic=ALL-UNNAMED -Xmx2048m -Dfile.encoding=UTF-8 -Duser.country=IN -Duser.language=en -Duser.variant 
java_command: org.gradle.launcher.daemon.bootstrap.GradleDaemon 7.0.2
java_class_path (initial): C:\Users\91992\.gradle\wrapper\dists\gradle-7.0.2-bin\857tjihv64xamwrf0h14cai3r\gradle-7.0.2\lib\gradle-launcher-7.0.2.jar
Launcher Type: SUN_STANDARD

[Global flags]
     intx CICompilerCount                          = 4                                         {product} {ergonomic}
     uint ConcGCThreads                            = 2                                         {product} {ergonomic}
     uint G1ConcRefinementThreads                  = 8                                         {product} {ergonomic}
   size_t G1HeapRegionSize                         = 1048576                                   {product} {ergonomic}
    uintx GCDrainStackTargetSize                   = 64                                        {product} {ergonomic}
   size_t InitialHeapSize                          = 197132288                                 {product} {ergonomic}
   size_t MarkStackSize                            = 4194304                                   {product} {ergonomic}
   size_t MaxHeapSize                              = 2147483648                                {product} {command line}
   size_t MaxNewSize                               = 1287651328                                {product} {ergonomic}
   size_t MinHeapDeltaBytes                        = 1048576                                   {product} {ergonomic}
    uintx NonNMethodCodeHeapSize                   = 5836300                                {pd product} {ergonomic}
    uintx NonProfiledCodeHeapSize                  = 122910970                              {pd product} {ergonomic}
    uintx ProfiledCodeHeapSize                     = 122910970                              {pd product} {ergonomic}
    uintx ReservedCodeCacheSize                    = 251658240                              {pd product} {ergonomic}
     bool SegmentedCodeCache                       = true                                      {product} {ergonomic}
     bool UseCompressedClassPointers               = true                                 {lp64_product} {ergonomic}
     bool UseCompressedOops                        = true                                 {lp64_product} {ergonomic}
     bool UseG1GC                                  = true                                      {product} {ergonomic}
     bool UseLargePagesIndividualAllocation        = false                                  {pd product} {ergonomic}

Logging:
Log output configuration:
 #0: stdout all=warning uptime,level,tags
 #1: stderr all=off uptime,level,tags

Environment Variables:
PATH=C:\WINDOWS\system32;C:\WINDOWS;C:\WINDOWS\System32\Wbem;C:\WINDOWS\System32\WindowsPowerShell\v1.0\;C:\WINDOWS\System32\OpenSSH\;C:\Program Files\Java\jdk-13.0.2\bin;C:\Program Files (x86)\QuickTime\QTSystem\;C:\Program Files\nodejs\;C:\Program Files (x86)\sbt\bin;C:\Program Files\Git\cmd;C:\Users\91992\Python\Python37\;C:\Python27;C:\Program Files\MySQL\MySQL Shell 8.0\bin\;C:\Users\91992\Python\Python37\Scripts\;C:\Users\91992\AppData\Local\Microsoft\WindowsApps;C:\Users\91992\AppData\Local\atom\bin;C:\Users\91992\AppData\Roaming\npm;C:\Users\91992\AppData\Local\Programs\Microsoft VS Code\bin;C:\Users\91992\AppData\Local\Microsoft\WindowsApps;C:\Users\91992\AppData\Local\GitHubDesktop\bin;C:\spark_localsetup\spark\bin;C:\spark_localsetup\hadoop\bin;
USERNAME=91992
OS=Windows_NT
PROCESSOR_IDENTIFIER=Intel64 Family 6 Model 126 Stepping 5, GenuineIntel



---------------  S Y S T E M  ---------------

OS: Windows 10 , 64 bit Build 19041 (10.0.19041.1466)
OS uptime: 21 days 1:15 hours

CPU:total 8 (initial active 8) (4 cores per cpu, 2 threads per core) family 6 model 126 stepping 5 microcode 0xa6, cmov, cx8, fxsr, mmx, sse, sse2, sse3, ssse3, sse4.1, sse4.2, popcnt, avx, avx2, aes, clmul, erms, 3dnowpref, lzcnt, ht, tsc, tscinvbit, bmi1, bmi2, adx, evex, sha, fma

Memory: 4k page, system-wide physical 11976M (129M free)
TotalPageFile size 29534M (AvailPageFile size 0M)
current process WorkingSet (physical memory assigned to process): 281M, peak: 286M
current process commit charge ("private bytes"): 375M, peak: 383M

vm_info: OpenJDK 64-Bit Server VM (11.0.10+0-b96-7249189) for windows-amd64 JRE (11.0.10+0-b96-7249189), built on Mar 31 2021 21:44:00 by "builder" with MS VC++ 14.0 (VS2015)

END.
